2024-10-10 21:46:35 WARN  TestNGContentHandler:133 - It is strongly recommended to add "<!DOCTYPE suite SYSTEM "https://testng.org/testng-1.0.dtd" >" at the top of the suite file [C:\Users\91958\eclipse-workspace\OpenCartV121\grid-docker.xml] otherwise TestNG may fail or not work as expected.
2024-10-10 21:46:36 INFO  Utils:112 - [TestNG] Running:
  C:\Users\91958\eclipse-workspace\OpenCartV121\grid-docker.xml

2024-10-10 21:46:36 INFO  TC001_AccountRegistrationTest:14 - ***** Starting TC001_AccountRegistrationTest  ****
2024-10-10 21:46:36 ERROR TC001_AccountRegistrationTest:47 - Test failed: Cannot invoke "org.openqa.selenium.SearchContext.findElement(org.openqa.selenium.By)" because "this.searchContext" is null
2024-10-10 21:46:36 INFO  TC001_AccountRegistrationTest:50 - ***** Finished TC001_AccountRegistrationTest *****
2024-10-10 21:51:58 WARN  TestNGContentHandler:133 - It is strongly recommended to add "<!DOCTYPE suite SYSTEM "https://testng.org/testng-1.0.dtd" >" at the top of the suite file [C:\Users\91958\eclipse-workspace\OpenCartV121\grid-docker.xml] otherwise TestNG may fail or not work as expected.
2024-10-10 21:51:58 INFO  Utils:112 - [TestNG] Running:
  C:\Users\91958\eclipse-workspace\OpenCartV121\grid-docker.xml

2024-10-10 21:51:58 INFO  TC001_AccountRegistrationTest:14 - ***** Starting TC001_AccountRegistrationTest  ****
2024-10-10 21:51:58 ERROR TC001_AccountRegistrationTest:47 - Test failed: Cannot invoke "org.openqa.selenium.SearchContext.findElement(org.openqa.selenium.By)" because "this.searchContext" is null
2024-10-10 21:51:58 INFO  TC001_AccountRegistrationTest:50 - ***** Finished TC001_AccountRegistrationTest *****
2024-10-10 21:52:21 WARN  TestNGContentHandler:133 - It is strongly recommended to add "<!DOCTYPE suite SYSTEM "https://testng.org/testng-1.0.dtd" >" at the top of the suite file [C:\Users\91958\eclipse-workspace\OpenCartV121\grid-docker.xml] otherwise TestNG may fail or not work as expected.
2024-10-10 21:52:21 INFO  Utils:112 - [TestNG] Running:
  C:\Users\91958\eclipse-workspace\OpenCartV121\grid-docker.xml

2024-10-10 21:52:21 INFO  TC001_AccountRegistrationTest:14 - ***** Starting TC001_AccountRegistrationTest  ****
2024-10-10 21:52:21 ERROR TC001_AccountRegistrationTest:47 - Test failed: Cannot invoke "org.openqa.selenium.SearchContext.findElement(org.openqa.selenium.By)" because "this.searchContext" is null
2024-10-10 21:52:21 INFO  TC001_AccountRegistrationTest:50 - ***** Finished TC001_AccountRegistrationTest *****
2024-10-10 21:56:09 WARN  TestNGContentHandler:133 - It is strongly recommended to add "<!DOCTYPE suite SYSTEM "https://testng.org/testng-1.0.dtd" >" at the top of the suite file [C:\Users\91958\eclipse-workspace\OpenCartV121\grid-docker.xml] otherwise TestNG may fail or not work as expected.
2024-10-10 21:56:19 WARN  TestNGContentHandler:133 - It is strongly recommended to add "<!DOCTYPE suite SYSTEM "https://testng.org/testng-1.0.dtd" >" at the top of the suite file [C:\Users\91958\eclipse-workspace\OpenCartV121\grid-docker.xml] otherwise TestNG may fail or not work as expected.
2024-10-10 21:59:31 WARN  TestNGContentHandler:133 - It is strongly recommended to add "<!DOCTYPE suite SYSTEM "https://testng.org/testng-1.0.dtd" >" at the top of the suite file [C:\Users\91958\eclipse-workspace\OpenCartV121\grid-docker.xml] otherwise TestNG may fail or not work as expected.
2024-10-10 21:59:32 INFO  Utils:112 - [TestNG] Running:
  C:\Users\91958\eclipse-workspace\OpenCartV121\grid-docker.xml

2024-10-10 21:59:32 INFO  TC001_AccountRegistrationTest:14 - ***** Starting TC001_AccountRegistrationTest  ****
2024-10-10 21:59:32 ERROR TC001_AccountRegistrationTest:47 - Test failed: Cannot invoke "org.openqa.selenium.SearchContext.findElement(org.openqa.selenium.By)" because "this.searchContext" is null
2024-10-10 21:59:32 INFO  TC001_AccountRegistrationTest:50 - ***** Finished TC001_AccountRegistrationTest *****
2024-10-10 22:00:09 WARN  TestNGContentHandler:133 - It is strongly recommended to add "<!DOCTYPE suite SYSTEM "https://testng.org/testng-1.0.dtd" >" at the top of the suite file [C:\Users\91958\eclipse-workspace\OpenCartV121\grid-docker.xml] otherwise TestNG may fail or not work as expected.
2024-10-10 22:00:10 INFO  Utils:112 - [TestNG] Running:
  C:\Users\91958\eclipse-workspace\OpenCartV121\grid-docker.xml

2024-10-10 22:00:10 INFO  TC001_AccountRegistrationTest:14 - ***** Starting TC001_AccountRegistrationTest  ****
2024-10-10 22:00:10 ERROR TC001_AccountRegistrationTest:47 - Test failed: Cannot invoke "org.openqa.selenium.SearchContext.findElement(org.openqa.selenium.By)" because "this.searchContext" is null
2024-10-10 22:00:10 INFO  TC001_AccountRegistrationTest:50 - ***** Finished TC001_AccountRegistrationTest *****
